KCPSM3 Assembler log file for program 'rom.psm'.
Generated by KCPSM3 version 1.30
Ken Chapman (Xilinx Ltd) 2005.
16Jun2017-09:22:47

 Addr Code

 000               NAMEREG s0, mode
 000               NAMEREG s1, btn_i
 000               NAMEREG s2, btn_i_next
 000               NAMEREG s3, btn_i_xor
 000               NAMEREG s4, index
 000               NAMEREG s5, counter
 000               NAMEREG s6, tick
 000               NAMEREG s7, digit
 000  3C001        ENABLE INTERRUPT
 001  00700        LOAD digit[s7], 00
 002         main: 
 002  0070A        LOAD digit[s7], 0A
 003  2C700        OUTPUT digit[s7], 00
 004  34002        JUMP main[002]
 005          isr: 
 005               ; add digit, 01
 005               ;load digit, 0a
 005               ;output digit, 00
 005  38001        RETURNI ENABLE
 3FF               ADDRESS 3FF
 3FF  34005        JUMP isr[005]
