Welcome to Xilinx CORE Generator.
Help system initialized.
The IP Catalog has been reloaded.
Opening project file /home/kuba/code/isp/lab5/ipcore_dir/coregen.cgp.
Recustomize and Generate (Under Current Project Settings)INFO:sim:172 - Generating IP...
Applying current project options...
Finished applying current project options.
WARNING:sim - A core named 'fifo_mem' already exists in the project. Output
   products for this core may be overwritten.
Resolving generics for 'fifo_mem'...
WARNING:sim - A core named 'fifo_mem' already exists in the project. Output
   products for this core may be overwritten.
Applying external generics to 'fifo_mem'...
Delivering associated files for 'fifo_mem'...
Delivering EJava files for 'fifo_mem'...
Generating implementation netlist for 'fifo_mem'...
INFO:sim - Pre-processing HDL files for 'fifo_mem'...
WARNING:sim - BlackBox generator run option '-ifmt' found multiple times. Only
   the first occurence is considered.
Running synthesis for 'fifo_mem'
Running ngcbuild...
Writing VHO instantiation template for 'fifo_mem'...
Writing VHDL behavioral simulation model for 'fifo_mem'...
WARNING:sim - Overwriting existing file
   /home/kuba/code/isp/lab5/ipcore_dir/tmp/_cg/fifo_mem/doc/fifo_generator_v9_3_
   vinfo.html with file from view xilinx_documentation
Delivered 3 files into directory
/home/kuba/code/isp/lab5/ipcore_dir/tmp/_cg/fifo_mem
Delivered 1 file into directory
/home/kuba/code/isp/lab5/ipcore_dir/tmp/_cg/fifo_mem
Generating ASY schematic symbol...
INFO:sim:949 - Finished generation of ASY schematic symbol.
Generating metadata file...
Regenerating ISE project file for 'fifo_mem'...
Generating ISE project...
XCO file found: fifo_mem.xco
XMDF file found: fifo_mem_xmdf.tcl
Adding /home/kuba/code/isp/lab5/ipcore_dir/tmp/_cg/fifo_mem.asy -view all
-origin_type imported
Adding /home/kuba/code/isp/lab5/ipcore_dir/tmp/_cg/fifo_mem.ngc -view all
-origin_type created
Checking file "/home/kuba/code/isp/lab5/ipcore_dir/tmp/_cg/fifo_mem.ngc" for
project device match ...
File "/home/kuba/code/isp/lab5/ipcore_dir/tmp/_cg/fifo_mem.ngc" device
information matches project device.
Adding /home/kuba/code/isp/lab5/ipcore_dir/tmp/_cg/fifo_mem.vhd -view all
-origin_type created
INFO:HDLCompiler:1061 - Parsing VHDL file
   "/home/kuba/code/isp/lab5/ipcore_dir/tmp/_cg/fifo_mem.vhd" into library work
INFO:ProjectMgmt - Parsing design hierarchy completed successfully.
Adding /home/kuba/code/isp/lab5/ipcore_dir/tmp/_cg/fifo_mem.vho -view all
-origin_type imported
INFO:TclTasksC:2116 - The automatic calculation of top has been turned-off.
   Please set the new top explicitly by running the "project set top" command.
   To re-calculate the new top automatically, set the "Auto Implementation Top"
   property to true.
Top level has been set to "/fifo_mem"
Generating README file...
Generating FLIST file...
INFO:sim:948 - Finished FLIST file generation.
Launching README viewer...
Moving files to output directory...
Finished moving files to output directory
Saved CGP file for project 'coregen'.
Closed project file.
